\BOOKMARK [1][-]{section.1}{\376\377\000I\000n\000t\000r\000o\000d\000u\000c\000t\000i\000o\000n}{}% 1
\BOOKMARK [1][-]{section.2}{\376\377\000B\000a\000c\000k\000g\000r\000o\000u\000n\000d\000\040\000a\000n\000d\000\040\000M\000o\000t\000i\000v\000a\000t\000i\000o\000n}{}% 2
\BOOKMARK [1][-]{section.3}{\376\377\000R\000e\000l\000a\000t\000e\000d\000\040\000W\000o\000r\000k}{}% 3
\BOOKMARK [2][-]{subsection.3.1}{\376\377\000I\000n\000c\000e\000p\000t\000i\000o\000n\000\040\000S\000c\000o\000r\000e\000\040\000\050\000I\000S\000\051}{section.3}% 4
\BOOKMARK [2][-]{subsection.3.2}{\376\377\000F\000r\000\351\000c\000h\000e\000t\000\040\000I\000n\000c\000e\000p\000t\000i\000o\000n\000\040\000D\000i\000s\000t\000a\000n\000c\000e\000\040\000\050\000F\000I\000D\000\051}{section.3}% 5
\BOOKMARK [2][-]{subsection.3.3}{\376\377\000C\000L\000I\000P\000\040\000S\000c\000o\000r\000e}{section.3}% 6
\BOOKMARK [2][-]{subsection.3.4}{\376\377\000C\000L\000I\000P\000-\000M\000a\000x\000i\000m\000u\000m\000\040\000M\000e\000a\000n\000\040\000D\000i\000s\000c\000r\000e\000p\000a\000n\000c\000y}{section.3}% 7
\BOOKMARK [2][-]{subsection.3.5}{\376\377\000T\000I\000F\000A\000\040\000\050\000T\000e\000x\000t\000-\000t\000o\000-\000I\000m\000a\000g\000e\000\040\000F\000a\000i\000t\000h\000f\000u\000l\000n\000e\000s\000s\000\040\000e\000v\000a\000l\000u\000a\000t\000i\000o\000n\000\040\000w\000i\000t\000h\000\040\000q\000u\000e\000s\000t\000i\000o\000n\000\040\000A\000n\000s\000w\000e\000r\000i\000n\000g\000\051}{section.3}% 8
\BOOKMARK [1][-]{section.4}{\376\377\000P\000r\000o\000g\000r\000e\000s\000s}{}% 9
\BOOKMARK [1][-]{section.5}{\376\377\000E\000x\000e\000c\000u\000t\000i\000o\000n\000\040\000P\000l\000a\000n}{}% 10
\BOOKMARK [1][-]{section.6}{\376\377\000W\000o\000r\000k\000l\000o\000a\000d\000\040\000D\000i\000s\000t\000r\000i\000b\000u\000t\000i\000o\000n}{}% 11
\BOOKMARK [2][-]{subsection.6.1}{\376\377\000M\000o\000d\000e\000l\000\040\000S\000e\000t\000u\000p\000\040\000a\000n\000d\000\040\000I\000m\000p\000l\000e\000m\000e\000n\000t\000a\000t\000i\000o\000n\000\040\000\050\000V\000a\000i\000b\000h\000a\000v\000\040\000S\000h\000a\000r\000a\000n\000,\000\040\000A\000n\000s\000h\000\040\000S\000h\000a\000r\000m\000a\000\051}{section.6}% 12
\BOOKMARK [2][-]{subsection.6.2}{\376\377\000Q\000u\000a\000n\000t\000i\000t\000a\000t\000i\000v\000e\000\040\000M\000e\000t\000r\000i\000c\000s\000\040\000I\000m\000p\000l\000e\000m\000e\000n\000t\000a\000t\000i\000o\000n\000\040\000\050\000K\000r\000i\000s\000h\000n\000a\000p\000r\000a\000s\000a\000d\000\040\000P\000a\000l\000a\000m\000a\000t\000t\000a\000m\000\040\000A\000j\000i\000\051}{section.6}% 13
\BOOKMARK [2][-]{subsection.6.3}{\376\377\000D\000a\000t\000a\000\040\000C\000o\000l\000l\000e\000c\000t\000i\000o\000n\000\040\000a\000n\000d\000\040\000P\000r\000o\000c\000e\000s\000s\000i\000n\000g\000\040\000\050\000U\000n\000n\000i\000k\000r\000i\000s\000h\000n\000a\000n\000\040\000M\000a\000d\000h\000a\000v\000a\000n\000\051}{section.6}% 14
\BOOKMARK [2][-]{subsection.6.4}{\376\377\000A\000n\000a\000l\000y\000s\000i\000s\000\040\000a\000n\000d\000\040\000R\000e\000p\000o\000r\000t\000\040\000W\000r\000i\000t\000i\000n\000g\000\040\000\050\000A\000l\000l\000\040\000T\000e\000a\000m\000\040\000M\000e\000m\000b\000e\000r\000s\000\051}{section.6}% 15
\BOOKMARK [1][-]{section.7}{\376\377\000E\000x\000e\000c\000u\000t\000i\000o\000n\000\040\000P\000l\000a\000n}{}% 16
\BOOKMARK [1][-]{section.8}{\376\377\000H\000e\000a\000d\000i\000n\000g\000s\000:\000\040\000f\000i\000r\000s\000t\000\040\000l\000e\000v\000e\000l}{}% 17
\BOOKMARK [2][-]{subsection.8.1}{\376\377\000H\000e\000a\000d\000i\000n\000g\000s\000:\000\040\000s\000e\000c\000o\000n\000d\000\040\000l\000e\000v\000e\000l}{section.8}% 18
\BOOKMARK [3][-]{subsubsection.8.1.1}{\376\377\000H\000e\000a\000d\000i\000n\000g\000s\000:\000\040\000t\000h\000i\000r\000d\000\040\000l\000e\000v\000e\000l}{subsection.8.1}% 19
\BOOKMARK [1][-]{section.9}{\376\377\000E\000x\000a\000m\000p\000l\000e\000s\000\040\000o\000f\000\040\000c\000i\000t\000a\000t\000i\000o\000n\000s\000,\000\040\000f\000i\000g\000u\000r\000e\000s\000,\000\040\000t\000a\000b\000l\000e\000s\000,\000\040\000r\000e\000f\000e\000r\000e\000n\000c\000e\000s}{}% 20
\BOOKMARK [2][-]{subsection.9.1}{\376\377\000F\000i\000g\000u\000r\000e\000s}{section.9}% 21
\BOOKMARK [2][-]{subsection.9.2}{\376\377\000T\000a\000b\000l\000e\000s}{section.9}% 22
\BOOKMARK [2][-]{subsection.9.3}{\376\377\000L\000i\000s\000t\000s}{section.9}% 23
\BOOKMARK [1][-]{section.10}{\376\377\000C\000o\000n\000c\000l\000u\000s\000i\000o\000n}{}% 24
